{"C:\\Users\\pinky\\DATA\\project\\owlBook-project\\backend\\src\\index.js": {"path":"C:\\Users\\pinky\\DATA\\project\\owlBook-project\\backend\\src\\index.js","statementMap":{"0":{"start":{"line":1,"column":16},"end":{"line":1,"column":34}},"1":{"start":{"line":2,"column":13},"end":{"line":2,"column":28}},"2":{"start":{"line":3,"column":13},"end":{"line":3,"column":28}},"3":{"start":{"line":4,"column":22},"end":{"line":4,"column":41}},"4":{"start":{"line":5,"column":20},"end":{"line":5,"column":51}},"5":{"start":{"line":6,"column":21},"end":{"line":6,"column":53}},"6":{"start":{"line":7,"column":22},"end":{"line":7,"column":55}},"7":{"start":{"line":8,"column":19},"end":{"line":8,"column":49}},"8":{"start":{"line":9,"column":12},"end":{"line":9,"column":21}},"9":{"start":{"line":10,"column":13},"end":{"line":10,"column":37}},"10":{"start":{"line":11,"column":0},"end":{"line":11,"column":16}},"11":{"start":{"line":12,"column":0},"end":{"line":12,"column":24}},"12":{"start":{"line":13,"column":0},"end":{"line":13,"column":72}},"13":{"start":{"line":14,"column":0},"end":{"line":14,"column":29}},"14":{"start":{"line":15,"column":0},"end":{"line":15,"column":30}},"15":{"start":{"line":16,"column":0},"end":{"line":16,"column":31}},"16":{"start":{"line":17,"column":0},"end":{"line":17,"column":33}},"17":{"start":{"line":19,"column":0},"end":{"line":19,"column":21}},"18":{"start":{"line":22,"column":0},"end":{"line":29,"column":2}},"19":{"start":{"line":23,"column":19},"end":{"line":23,"column":38}},"20":{"start":{"line":24,"column":2},"end":{"line":24,"column":69}},"21":{"start":{"line":25,"column":22},"end":{"line":25,"column":53}},"22":{"start":{"line":26,"column":2},"end":{"line":28,"column":3}},"23":{"start":{"line":27,"column":4},"end":{"line":27,"column":59}},"24":{"start":{"line":31,"column":0},"end":{"line":47,"column":1}},"25":{"start":{"line":32,"column":2},"end":{"line":46,"column":7}},"26":{"start":{"line":34,"column":6},"end":{"line":34,"column":51}},"27":{"start":{"line":35,"column":23},"end":{"line":35,"column":42}},"28":{"start":{"line":36,"column":26},"end":{"line":36,"column":57}},"29":{"start":{"line":37,"column":6},"end":{"line":39,"column":7}},"30":{"start":{"line":38,"column":8},"end":{"line":38,"column":63}},"31":{"start":{"line":40,"column":6},"end":{"line":42,"column":9}},"32":{"start":{"line":41,"column":8},"end":{"line":41,"column":62}},"33":{"start":{"line":45,"column":6},"end":{"line":45,"column":63}}},"fnMap":{"0":{"name":"initDB","decl":{"start":{"line":22,"column":28},"end":{"line":22,"column":34}},"loc":{"start":{"line":22,"column":63},"end":{"line":29,"column":1}},"line":22},"1":{"name":"(anonymous_1)","decl":{"start":{"line":33,"column":10},"end":{"line":33,"column":11}},"loc":{"start":{"line":33,"column":22},"end":{"line":43,"column":5}},"line":33},"2":{"name":"(anonymous_2)","decl":{"start":{"line":40,"column":23},"end":{"line":40,"column":24}},"loc":{"start":{"line":40,"column":29},"end":{"line":42,"column":7}},"line":40},"3":{"name":"(anonymous_3)","decl":{"start":{"line":44,"column":11},"end":{"line":44,"column":12}},"loc":{"start":{"line":44,"column":20},"end":{"line":46,"column":5}},"line":44}},"branchMap":{"0":{"loc":{"start":{"line":10,"column":13},"end":{"line":10,"column":37}},"type":"binary-expr","locations":[{"start":{"line":10,"column":13},"end":{"line":10,"column":29}},{"start":{"line":10,"column":33},"end":{"line":10,"column":37}}],"line":10},"1":{"loc":{"start":{"line":22,"column":35},"end":{"line":22,"column":61}},"type":"default-arg","locations":[{"start":{"line":22,"column":45},"end":{"line":22,"column":61}}],"line":22},"2":{"loc":{"start":{"line":31,"column":0},"end":{"line":47,"column":1}},"type":"if","locations":[{"start":{"line":31,"column":0},"end":{"line":47,"column":1}},{"start":{},"end":{}}],"line":31}},"s":{"0":6,"1":6,"2":6,"3":6,"4":6,"5":6,"6":6,"7":6,"8":6,"9":6,"10":6,"11":6,"12":6,"13":6,"14":6,"15":6,"16":6,"17":6,"18":6,"19":6,"20":6,"21":6,"22":6,"23":18,"24":6,"25":0,"26":0,"27":0,"28":0,"29":0,"30":0,"31":0,"32":0,"33":0},"f":{"0":6,"1":0,"2":0,"3":0},"b":{"0":[6,6],"1":[0],"2":[0,6]},"_coverageSchema":"1a1c01bbd47fc00a2c39e90264f33305004495a9","hash":"bbc085bd0f82223356a84ca9a1bafe1fe262bf95"}
,"C:\\Users\\pinky\\DATA\\project\\owlBook-project\\backend\\src\\config\\database.js": {"path":"C:\\Users\\pinky\\DATA\\project\\owlBook-project\\backend\\src\\config\\database.js","statementMap":{"0":{"start":{"line":1,"column":22},"end":{"line":1,"column":42}},"1":{"start":{"line":2,"column":0},"end":{"line":2,"column":27}},"2":{"start":{"line":5,"column":0},"end":{"line":25,"column":1}},"3":{"start":{"line":6,"column":20},"end":{"line":10,"column":4}},"4":{"start":{"line":11,"column":2},"end":{"line":11,"column":29}},"5":{"start":{"line":13,"column":20},"end":{"line":23,"column":3}},"6":{"start":{"line":24,"column":2},"end":{"line":24,"column":29}}},"fnMap":{},"branchMap":{"0":{"loc":{"start":{"line":5,"column":0},"end":{"line":25,"column":1}},"type":"if","locations":[{"start":{"line":5,"column":0},"end":{"line":25,"column":1}},{"start":{"line":12,"column":7},"end":{"line":25,"column":1}}],"line":5},"1":{"loc":{"start":{"line":14,"column":4},"end":{"line":14,"column":33}},"type":"binary-expr","locations":[{"start":{"line":14,"column":4},"end":{"line":14,"column":23}},{"start":{"line":14,"column":27},"end":{"line":14,"column":33}}],"line":14},"2":{"loc":{"start":{"line":15,"column":4},"end":{"line":15,"column":33}},"type":"binary-expr","locations":[{"start":{"line":15,"column":4},"end":{"line":15,"column":23}},{"start":{"line":15,"column":27},"end":{"line":15,"column":33}}],"line":15},"3":{"loc":{"start":{"line":16,"column":4},"end":{"line":16,"column":33}},"type":"binary-expr","locations":[{"start":{"line":16,"column":4},"end":{"line":16,"column":27}},{"start":{"line":16,"column":31},"end":{"line":16,"column":33}}],"line":16},"4":{"loc":{"start":{"line":18,"column":12},"end":{"line":18,"column":46}},"type":"binary-expr","locations":[{"start":{"line":18,"column":12},"end":{"line":18,"column":31}},{"start":{"line":18,"column":35},"end":{"line":18,"column":46}}],"line":18},"5":{"loc":{"start":{"line":20,"column":12},"end":{"line":20,"column":68}},"type":"cond-expr","locations":[{"start":{"line":20,"column":34},"end":{"line":20,"column":61}},{"start":{"line":20,"column":64},"end":{"line":20,"column":68}}],"line":20},"6":{"loc":{"start":{"line":21,"column":15},"end":{"line":21,"column":70}},"type":"cond-expr","locations":[{"start":{"line":21,"column":51},"end":{"line":21,"column":62}},{"start":{"line":21,"column":65},"end":{"line":21,"column":70}}],"line":21}},"s":{"0":9,"1":9,"2":9,"3":9,"4":9,"5":0,"6":0},"f":{},"b":{"0":[9,0],"1":[0,0],"2":[0,0],"3":[0,0],"4":[0,0],"5":[0,0],"6":[0,0]},"_coverageSchema":"1a1c01bbd47fc00a2c39e90264f33305004495a9","hash":"170dcd4874cad50f07d141f79f34365c7ccc48de"}
,"C:\\Users\\pinky\\DATA\\project\\owlBook-project\\backend\\src\\models\\AuthorCartoon.js": {"path":"C:\\Users\\pinky\\DATA\\project\\owlBook-project\\backend\\src\\models\\AuthorCartoon.js","statementMap":{"0":{"start":{"line":1,"column":22},"end":{"line":1,"column":42}},"1":{"start":{"line":2,"column":18},"end":{"line":2,"column":47}},"2":{"start":{"line":3,"column":13},"end":{"line":3,"column":30}},"3":{"start":{"line":4,"column":16},"end":{"line":4,"column":36}},"4":{"start":{"line":5,"column":22},"end":{"line":12,"column":2}},"5":{"start":{"line":13,"column":0},"end":{"line":13,"column":31}}},"fnMap":{},"branchMap":{},"s":{"0":9,"1":9,"2":9,"3":9,"4":9,"5":9},"f":{},"b":{},"_coverageSchema":"1a1c01bbd47fc00a2c39e90264f33305004495a9","hash":"e7ae2e009d30d03302ed44f8a3c5fd216de1ab03"}
,"C:\\Users\\pinky\\DATA\\project\\owlBook-project\\backend\\src\\models\\Cartoon.js": {"path":"C:\\Users\\pinky\\DATA\\project\\owlBook-project\\backend\\src\\models\\Cartoon.js","statementMap":{"0":{"start":{"line":1,"column":22},"end":{"line":1,"column":42}},"1":{"start":{"line":2,"column":18},"end":{"line":2,"column":47}},"2":{"start":{"line":3,"column":16},"end":{"line":10,"column":2}},"3":{"start":{"line":11,"column":0},"end":{"line":11,"column":25}}},"fnMap":{},"branchMap":{},"s":{"0":9,"1":9,"2":9,"3":9},"f":{},"b":{},"_coverageSchema":"1a1c01bbd47fc00a2c39e90264f33305004495a9","hash":"921bc6aeec0f5ab1492195e0f2dc130faaea99c1"}
,"C:\\Users\\pinky\\DATA\\project\\owlBook-project\\backend\\src\\models\\CartoonCategory.js": {"path":"C:\\Users\\pinky\\DATA\\project\\owlBook-project\\backend\\src\\models\\CartoonCategory.js","statementMap":{"0":{"start":{"line":1,"column":22},"end":{"line":1,"column":42}},"1":{"start":{"line":2,"column":18},"end":{"line":2,"column":47}},"2":{"start":{"line":3,"column":24},"end":{"line":9,"column":2}},"3":{"start":{"line":10,"column":0},"end":{"line":10,"column":33}}},"fnMap":{},"branchMap":{},"s":{"0":9,"1":9,"2":9,"3":9},"f":{},"b":{},"_coverageSchema":"1a1c01bbd47fc00a2c39e90264f33305004495a9","hash":"9f0c9a7bd461c135a95a9539d03317ba3c3951fa"}
,"C:\\Users\\pinky\\DATA\\project\\owlBook-project\\backend\\src\\models\\CartoonEpisode.js": {"path":"C:\\Users\\pinky\\DATA\\project\\owlBook-project\\backend\\src\\models\\CartoonEpisode.js","statementMap":{"0":{"start":{"line":1,"column":22},"end":{"line":1,"column":42}},"1":{"start":{"line":2,"column":18},"end":{"line":2,"column":47}},"2":{"start":{"line":3,"column":16},"end":{"line":3,"column":36}},"3":{"start":{"line":4,"column":23},"end":{"line":13,"column":2}},"4":{"start":{"line":14,"column":0},"end":{"line":14,"column":32}}},"fnMap":{},"branchMap":{},"s":{"0":9,"1":9,"2":9,"3":9,"4":9},"f":{},"b":{},"_coverageSchema":"1a1c01bbd47fc00a2c39e90264f33305004495a9","hash":"6aabd2dfc92a5a658833f8fffc1d46aad6f85aec"}
,"C:\\Users\\pinky\\DATA\\project\\owlBook-project\\backend\\src\\models\\CartoonsCategoryList.js": {"path":"C:\\Users\\pinky\\DATA\\project\\owlBook-project\\backend\\src\\models\\CartoonsCategoryList.js","statementMap":{"0":{"start":{"line":1,"column":22},"end":{"line":1,"column":42}},"1":{"start":{"line":2,"column":18},"end":{"line":2,"column":47}},"2":{"start":{"line":3,"column":24},"end":{"line":3,"column":52}},"3":{"start":{"line":4,"column":16},"end":{"line":4,"column":36}},"4":{"start":{"line":5,"column":29},"end":{"line":12,"column":2}},"5":{"start":{"line":13,"column":0},"end":{"line":13,"column":38}}},"fnMap":{},"branchMap":{},"s":{"0":9,"1":9,"2":9,"3":9,"4":9,"5":9},"f":{},"b":{},"_coverageSchema":"1a1c01bbd47fc00a2c39e90264f33305004495a9","hash":"f6f0d093bdda88a5edebb87af4aae96ed6702bc3"}
,"C:\\Users\\pinky\\DATA\\project\\owlBook-project\\backend\\src\\models\\Payment.js": {"path":"C:\\Users\\pinky\\DATA\\project\\owlBook-project\\backend\\src\\models\\Payment.js","statementMap":{"0":{"start":{"line":1,"column":22},"end":{"line":1,"column":42}},"1":{"start":{"line":2,"column":18},"end":{"line":2,"column":47}},"2":{"start":{"line":3,"column":13},"end":{"line":3,"column":30}},"3":{"start":{"line":4,"column":16},"end":{"line":13,"column":2}},"4":{"start":{"line":14,"column":0},"end":{"line":14,"column":25}}},"fnMap":{},"branchMap":{},"s":{"0":9,"1":9,"2":9,"3":9,"4":9},"f":{},"b":{},"_coverageSchema":"1a1c01bbd47fc00a2c39e90264f33305004495a9","hash":"faed4de77e8aa47628649f276d5331d236cf7e38"}
,"C:\\Users\\pinky\\DATA\\project\\owlBook-project\\backend\\src\\models\\Role.js": {"path":"C:\\Users\\pinky\\DATA\\project\\owlBook-project\\backend\\src\\models\\Role.js","statementMap":{"0":{"start":{"line":1,"column":22},"end":{"line":1,"column":42}},"1":{"start":{"line":2,"column":18},"end":{"line":2,"column":47}},"2":{"start":{"line":3,"column":13},"end":{"line":9,"column":2}},"3":{"start":{"line":10,"column":0},"end":{"line":10,"column":22}}},"fnMap":{},"branchMap":{},"s":{"0":9,"1":9,"2":9,"3":9},"f":{},"b":{},"_coverageSchema":"1a1c01bbd47fc00a2c39e90264f33305004495a9","hash":"a3848dcca948c0993a1a363e9db4d11b4a8617fc"}
,"C:\\Users\\pinky\\DATA\\project\\owlBook-project\\backend\\src\\models\\User.js": {"path":"C:\\Users\\pinky\\DATA\\project\\owlBook-project\\backend\\src\\models\\User.js","statementMap":{"0":{"start":{"line":1,"column":22},"end":{"line":1,"column":42}},"1":{"start":{"line":2,"column":18},"end":{"line":2,"column":47}},"2":{"start":{"line":3,"column":13},"end":{"line":3,"column":30}},"3":{"start":{"line":4,"column":13},"end":{"line":13,"column":2}},"4":{"start":{"line":14,"column":0},"end":{"line":14,"column":22}}},"fnMap":{},"branchMap":{},"s":{"0":9,"1":9,"2":9,"3":9,"4":9},"f":{},"b":{},"_coverageSchema":"1a1c01bbd47fc00a2c39e90264f33305004495a9","hash":"488e1af5ae69b82dd1d96a5cec8136572c97faf5"}
,"C:\\Users\\pinky\\DATA\\project\\owlBook-project\\backend\\src\\models\\UserCartoonHistory.js": {"path":"C:\\Users\\pinky\\DATA\\project\\owlBook-project\\backend\\src\\models\\UserCartoonHistory.js","statementMap":{"0":{"start":{"line":1,"column":22},"end":{"line":1,"column":42}},"1":{"start":{"line":2,"column":18},"end":{"line":2,"column":47}},"2":{"start":{"line":3,"column":13},"end":{"line":3,"column":30}},"3":{"start":{"line":4,"column":23},"end":{"line":4,"column":50}},"4":{"start":{"line":5,"column":27},"end":{"line":13,"column":2}},"5":{"start":{"line":14,"column":0},"end":{"line":14,"column":36}}},"fnMap":{},"branchMap":{},"s":{"0":9,"1":9,"2":9,"3":9,"4":9,"5":9},"f":{},"b":{},"_coverageSchema":"1a1c01bbd47fc00a2c39e90264f33305004495a9","hash":"c0230b2941d29cd8c70c62f598929cdf5bbf45bb"}
,"C:\\Users\\pinky\\DATA\\project\\owlBook-project\\backend\\src\\models\\UserFavorite.js": {"path":"C:\\Users\\pinky\\DATA\\project\\owlBook-project\\backend\\src\\models\\UserFavorite.js","statementMap":{"0":{"start":{"line":1,"column":22},"end":{"line":1,"column":42}},"1":{"start":{"line":2,"column":18},"end":{"line":2,"column":47}},"2":{"start":{"line":3,"column":13},"end":{"line":3,"column":30}},"3":{"start":{"line":4,"column":16},"end":{"line":4,"column":36}},"4":{"start":{"line":5,"column":21},"end":{"line":12,"column":2}},"5":{"start":{"line":13,"column":0},"end":{"line":13,"column":30}}},"fnMap":{},"branchMap":{},"s":{"0":9,"1":9,"2":9,"3":9,"4":9,"5":9},"f":{},"b":{},"_coverageSchema":"1a1c01bbd47fc00a2c39e90264f33305004495a9","hash":"fcffe6882e659b7cf4a4d75dcfb5b2db47a31bd0"}
,"C:\\Users\\pinky\\DATA\\project\\owlBook-project\\backend\\src\\models\\index.js": {"path":"C:\\Users\\pinky\\DATA\\project\\owlBook-project\\backend\\src\\models\\index.js","statementMap":{"0":{"start":{"line":1,"column":18},"end":{"line":1,"column":47}},"1":{"start":{"line":2,"column":13},"end":{"line":2,"column":30}},"2":{"start":{"line":3,"column":13},"end":{"line":3,"column":30}},"3":{"start":{"line":4,"column":16},"end":{"line":4,"column":36}},"4":{"start":{"line":5,"column":23},"end":{"line":5,"column":50}},"5":{"start":{"line":6,"column":16},"end":{"line":6,"column":36}},"6":{"start":{"line":7,"column":24},"end":{"line":7,"column":52}},"7":{"start":{"line":8,"column":29},"end":{"line":8,"column":62}},"8":{"start":{"line":9,"column":22},"end":{"line":9,"column":48}},"9":{"start":{"line":10,"column":27},"end":{"line":10,"column":58}},"10":{"start":{"line":11,"column":21},"end":{"line":11,"column":46}},"11":{"start":{"line":12,"column":0},"end":{"line":12,"column":47}},"12":{"start":{"line":13,"column":0},"end":{"line":13,"column":49}},"13":{"start":{"line":14,"column":0},"end":{"line":14,"column":78}},"14":{"start":{"line":15,"column":0},"end":{"line":15,"column":64}},"15":{"start":{"line":16,"column":0},"end":{"line":16,"column":50}},"16":{"start":{"line":17,"column":0},"end":{"line":17,"column":52}},"17":{"start":{"line":18,"column":0},"end":{"line":18,"column":77}},"18":{"start":{"line":19,"column":0},"end":{"line":19,"column":62}},"19":{"start":{"line":20,"column":0},"end":{"line":20,"column":93}},"20":{"start":{"line":21,"column":0},"end":{"line":21,"column":76}},"21":{"start":{"line":22,"column":0},"end":{"line":22,"column":71}},"22":{"start":{"line":23,"column":0},"end":{"line":23,"column":56}},"23":{"start":{"line":24,"column":0},"end":{"line":24,"column":78}},"24":{"start":{"line":25,"column":0},"end":{"line":25,"column":61}},"25":{"start":{"line":26,"column":0},"end":{"line":26,"column":119}},"26":{"start":{"line":27,"column":0},"end":{"line":27,"column":127}},"27":{"start":{"line":28,"column":0},"end":{"line":28,"column":104}},"28":{"start":{"line":29,"column":0},"end":{"line":29,"column":98}},"29":{"start":{"line":30,"column":0},"end":{"line":42,"column":2}}},"fnMap":{},"branchMap":{},"s":{"0":9,"1":9,"2":9,"3":9,"4":9,"5":9,"6":9,"7":9,"8":9,"9":9,"10":9,"11":9,"12":9,"13":9,"14":9,"15":9,"16":9,"17":9,"18":9,"19":9,"20":9,"21":9,"22":9,"23":9,"24":9,"25":9,"26":9,"27":9,"28":9,"29":9},"f":{},"b":{},"_coverageSchema":"1a1c01bbd47fc00a2c39e90264f33305004495a9","hash":"61bcc7ac67d2d49e8a102ab7affa2d2479854c42"}
,"C:\\Users\\pinky\\DATA\\project\\owlBook-project\\backend\\src\\routes\\authRoutes.js": {"path":"C:\\Users\\pinky\\DATA\\project\\owlBook-project\\backend\\src\\routes\\authRoutes.js","statementMap":{"0":{"start":{"line":1,"column":16},"end":{"line":1,"column":34}},"1":{"start":{"line":2,"column":15},"end":{"line":2,"column":31}},"2":{"start":{"line":3,"column":23},"end":{"line":3,"column":63}},"3":{"start":{"line":4,"column":0},"end":{"line":4,"column":50}},"4":{"start":{"line":5,"column":0},"end":{"line":5,"column":44}},"5":{"start":{"line":6,"column":0},"end":{"line":6,"column":78}},"6":{"start":{"line":7,"column":0},"end":{"line":7,"column":85}},"7":{"start":{"line":8,"column":0},"end":{"line":8,"column":89}},"8":{"start":{"line":9,"column":0},"end":{"line":9,"column":91}},"9":{"start":{"line":10,"column":0},"end":{"line":10,"column":78}},"10":{"start":{"line":11,"column":0},"end":{"line":11,"column":24}}},"fnMap":{},"branchMap":{},"s":{"0":6,"1":6,"2":6,"3":6,"4":6,"5":6,"6":6,"7":6,"8":6,"9":6,"10":6},"f":{},"b":{},"_coverageSchema":"1a1c01bbd47fc00a2c39e90264f33305004495a9","hash":"984ebb0d58bfe54ffb46f1dd0eb7a9f3661e2276"}
,"C:\\Users\\pinky\\DATA\\project\\owlBook-project\\backend\\src\\routes\\comicRoutes.js": {"path":"C:\\Users\\pinky\\DATA\\project\\owlBook-project\\backend\\src\\routes\\comicRoutes.js","statementMap":{"0":{"start":{"line":1,"column":16},"end":{"line":1,"column":34}},"1":{"start":{"line":2,"column":15},"end":{"line":2,"column":31}},"2":{"start":{"line":3,"column":24},"end":{"line":3,"column":65}},"3":{"start":{"line":4,"column":26},"end":{"line":4,"column":69}},"4":{"start":{"line":5,"column":23},"end":{"line":5,"column":63}},"5":{"start":{"line":6,"column":15},"end":{"line":6,"column":47}},"6":{"start":{"line":7,"column":23},"end":{"line":7,"column":63}},"7":{"start":{"line":8,"column":0},"end":{"line":8,"column":82}},"8":{"start":{"line":9,"column":0},"end":{"line":9,"column":104}},"9":{"start":{"line":10,"column":0},"end":{"line":10,"column":109}},"10":{"start":{"line":11,"column":0},"end":{"line":11,"column":86}},"11":{"start":{"line":12,"column":0},"end":{"line":12,"column":94}},"12":{"start":{"line":13,"column":0},"end":{"line":13,"column":97}},"13":{"start":{"line":14,"column":0},"end":{"line":14,"column":104}},"14":{"start":{"line":15,"column":0},"end":{"line":15,"column":105}},"15":{"start":{"line":16,"column":0},"end":{"line":16,"column":127}},"16":{"start":{"line":17,"column":0},"end":{"line":17,"column":136}},"17":{"start":{"line":18,"column":0},"end":{"line":18,"column":113}},"18":{"start":{"line":19,"column":0},"end":{"line":19,"column":24}}},"fnMap":{},"branchMap":{},"s":{"0":6,"1":6,"2":6,"3":6,"4":6,"5":6,"6":6,"7":6,"8":6,"9":6,"10":6,"11":6,"12":6,"13":6,"14":6,"15":6,"16":6,"17":6,"18":6},"f":{},"b":{},"_coverageSchema":"1a1c01bbd47fc00a2c39e90264f33305004495a9","hash":"a3d7b0bd1780a4a1adf974a766b2890b9a6745e4"}
,"C:\\Users\\pinky\\DATA\\project\\owlBook-project\\backend\\src\\routes\\paymentRoutes.js": {"path":"C:\\Users\\pinky\\DATA\\project\\owlBook-project\\backend\\src\\routes\\paymentRoutes.js","statementMap":{"0":{"start":{"line":1,"column":16},"end":{"line":1,"column":34}},"1":{"start":{"line":2,"column":15},"end":{"line":2,"column":31}},"2":{"start":{"line":3,"column":26},"end":{"line":3,"column":69}},"3":{"start":{"line":4,"column":0},"end":{"line":4,"column":64}},"4":{"start":{"line":5,"column":0},"end":{"line":5,"column":24}}},"fnMap":{},"branchMap":{},"s":{"0":6,"1":6,"2":6,"3":6,"4":6},"f":{},"b":{},"_coverageSchema":"1a1c01bbd47fc00a2c39e90264f33305004495a9","hash":"6bb881ebb12be63ab965462efd59ae52ad1bfbdb"}
,"C:\\Users\\pinky\\DATA\\project\\owlBook-project\\backend\\src\\routes\\uploadRoutes.js": {"path":"C:\\Users\\pinky\\DATA\\project\\owlBook-project\\backend\\src\\routes\\uploadRoutes.js","statementMap":{"0":{"start":{"line":1,"column":16},"end":{"line":1,"column":34}},"1":{"start":{"line":2,"column":15},"end":{"line":2,"column":31}},"2":{"start":{"line":3,"column":15},"end":{"line":3,"column":47}},"3":{"start":{"line":4,"column":13},"end":{"line":4,"column":28}},"4":{"start":{"line":5,"column":11},"end":{"line":5,"column":24}},"5":{"start":{"line":6,"column":0},"end":{"line":14,"column":3}},"6":{"start":{"line":7,"column":2},"end":{"line":7,"column":67}},"7":{"start":{"line":7,"column":17},"end":{"line":7,"column":67}},"8":{"start":{"line":8,"column":28},"end":{"line":8,"column":73}},"9":{"start":{"line":9,"column":2},"end":{"line":9,"column":94}},"10":{"start":{"line":9,"column":41},"end":{"line":9,"column":94}},"11":{"start":{"line":10,"column":21},"end":{"line":10,"column":68}},"12":{"start":{"line":11,"column":2},"end":{"line":11,"column":43}},"13":{"start":{"line":12,"column":18},"end":{"line":12,"column":57}},"14":{"start":{"line":13,"column":2},"end":{"line":13,"column":30}},"15":{"start":{"line":15,"column":0},"end":{"line":15,"column":24}}},"fnMap":{"0":{"name":"(anonymous_0)","decl":{"start":{"line":6,"column":46},"end":{"line":6,"column":47}},"loc":{"start":{"line":6,"column":60},"end":{"line":14,"column":1}},"line":6}},"branchMap":{"0":{"loc":{"start":{"line":7,"column":2},"end":{"line":7,"column":67}},"type":"if","locations":[{"start":{"line":7,"column":2},"end":{"line":7,"column":67}},{"start":{},"end":{}}],"line":7},"1":{"loc":{"start":{"line":9,"column":2},"end":{"line":9,"column":94}},"type":"if","locations":[{"start":{"line":9,"column":2},"end":{"line":9,"column":94}},{"start":{},"end":{}}],"line":9}},"s":{"0":6,"1":6,"2":6,"3":6,"4":6,"5":6,"6":0,"7":0,"8":0,"9":0,"10":0,"11":0,"12":0,"13":0,"14":0,"15":6},"f":{"0":0},"b":{"0":[0,0],"1":[0,0]},"_coverageSchema":"1a1c01bbd47fc00a2c39e90264f33305004495a9","hash":"a3757ca305b452e3ff7aaccff2db8c0d6d1fceeb"}
}
