TN:
SF:backend\src\index.js
FN:22,initDB
FN:33,(anonymous_1)
FN:40,(anonymous_2)
FN:44,(anonymous_3)
FNF:4
FNH:1
FNDA:6,initDB
FNDA:0,(anonymous_1)
FNDA:0,(anonymous_2)
FNDA:0,(anonymous_3)
DA:1,6
DA:2,6
DA:3,6
DA:4,6
DA:5,6
DA:6,6
DA:7,6
DA:8,6
DA:9,6
DA:10,6
DA:11,6
DA:12,6
DA:13,6
DA:14,6
DA:15,6
DA:16,6
DA:17,6
DA:19,6
DA:22,6
DA:23,6
DA:24,6
DA:25,6
DA:26,6
DA:27,18
DA:31,6
DA:32,0
DA:34,0
DA:35,0
DA:36,0
DA:37,0
DA:38,0
DA:40,0
DA:41,0
DA:45,0
LF:34
LH:25
BRDA:10,0,0,6
BRDA:10,0,1,6
BRDA:22,1,0,0
BRDA:31,2,0,0
BRDA:31,2,1,6
BRF:5
BRH:3
end_of_record
TN:
SF:backend\src\config\database.js
FNF:0
FNH:0
DA:1,9
DA:2,9
DA:5,9
DA:6,9
DA:11,9
DA:13,0
DA:24,0
LF:7
LH:5
BRDA:5,0,0,9
BRDA:5,0,1,0
BRDA:14,1,0,0
BRDA:14,1,1,0
BRDA:15,2,0,0
BRDA:15,2,1,0
BRDA:16,3,0,0
BRDA:16,3,1,0
BRDA:18,4,0,0
BRDA:18,4,1,0
BRDA:20,5,0,0
BRDA:20,5,1,0
BRDA:21,6,0,0
BRDA:21,6,1,0
BRF:14
BRH:1
end_of_record
TN:
SF:backend\src\models\AuthorCartoon.js
FNF:0
FNH:0
DA:1,9
DA:2,9
DA:3,9
DA:4,9
DA:5,9
DA:13,9
LF:6
LH:6
BRF:0
BRH:0
end_of_record
TN:
SF:backend\src\models\Cartoon.js
FNF:0
FNH:0
DA:1,9
DA:2,9
DA:3,9
DA:11,9
LF:4
LH:4
BRF:0
BRH:0
end_of_record
TN:
SF:backend\src\models\CartoonCategory.js
FNF:0
FNH:0
DA:1,9
DA:2,9
DA:3,9
DA:10,9
LF:4
LH:4
BRF:0
BRH:0
end_of_record
TN:
SF:backend\src\models\CartoonEpisode.js
FNF:0
FNH:0
DA:1,9
DA:2,9
DA:3,9
DA:4,9
DA:14,9
LF:5
LH:5
BRF:0
BRH:0
end_of_record
TN:
SF:backend\src\models\CartoonsCategoryList.js
FNF:0
FNH:0
DA:1,9
DA:2,9
DA:3,9
DA:4,9
DA:5,9
DA:13,9
LF:6
LH:6
BRF:0
BRH:0
end_of_record
TN:
SF:backend\src\models\Payment.js
FNF:0
FNH:0
DA:1,9
DA:2,9
DA:3,9
DA:4,9
DA:14,9
LF:5
LH:5
BRF:0
BRH:0
end_of_record
TN:
SF:backend\src\models\Role.js
FNF:0
FNH:0
DA:1,9
DA:2,9
DA:3,9
DA:10,9
LF:4
LH:4
BRF:0
BRH:0
end_of_record
TN:
SF:backend\src\models\User.js
FNF:0
FNH:0
DA:1,9
DA:2,9
DA:3,9
DA:4,9
DA:14,9
LF:5
LH:5
BRF:0
BRH:0
end_of_record
TN:
SF:backend\src\models\UserCartoonHistory.js
FNF:0
FNH:0
DA:1,9
DA:2,9
DA:3,9
DA:4,9
DA:5,9
DA:14,9
LF:6
LH:6
BRF:0
BRH:0
end_of_record
TN:
SF:backend\src\models\UserFavorite.js
FNF:0
FNH:0
DA:1,9
DA:2,9
DA:3,9
DA:4,9
DA:5,9
DA:13,9
LF:6
LH:6
BRF:0
BRH:0
end_of_record
TN:
SF:backend\src\models\index.js
FNF:0
FNH:0
DA:1,9
DA:2,9
DA:3,9
DA:4,9
DA:5,9
DA:6,9
DA:7,9
DA:8,9
DA:9,9
DA:10,9
DA:11,9
DA:12,9
DA:13,9
DA:14,9
DA:15,9
DA:16,9
DA:17,9
DA:18,9
DA:19,9
DA:20,9
DA:21,9
DA:22,9
DA:23,9
DA:24,9
DA:25,9
DA:26,9
DA:27,9
DA:28,9
DA:29,9
DA:30,9
LF:30
LH:30
BRF:0
BRH:0
end_of_record
TN:
SF:backend\src\routes\authRoutes.js
FNF:0
FNH:0
DA:1,6
DA:2,6
DA:3,6
DA:4,6
DA:5,6
DA:6,6
DA:7,6
DA:8,6
DA:9,6
DA:10,6
DA:11,6
LF:11
LH:11
BRF:0
BRH:0
end_of_record
TN:
SF:backend\src\routes\comicRoutes.js
FNF:0
FNH:0
DA:1,6
DA:2,6
DA:3,6
DA:4,6
DA:5,6
DA:6,6
DA:7,6
DA:8,6
DA:9,6
DA:10,6
DA:11,6
DA:12,6
DA:13,6
DA:14,6
DA:15,6
DA:16,6
DA:17,6
DA:18,6
DA:19,6
LF:19
LH:19
BRF:0
BRH:0
end_of_record
TN:
SF:backend\src\routes\paymentRoutes.js
FNF:0
FNH:0
DA:1,6
DA:2,6
DA:3,6
DA:4,6
DA:5,6
LF:5
LH:5
BRF:0
BRH:0
end_of_record
TN:
SF:backend\src\routes\uploadRoutes.js
FN:6,(anonymous_0)
FNF:1
FNH:0
FNDA:0,(anonymous_0)
DA:1,6
DA:2,6
DA:3,6
DA:4,6
DA:5,6
DA:6,6
DA:7,0
DA:8,0
DA:9,0
DA:10,0
DA:11,0
DA:12,0
DA:13,0
DA:15,6
LF:14
LH:7
BRDA:7,0,0,0
BRDA:7,0,1,0
BRDA:9,1,0,0
BRDA:9,1,1,0
BRF:4
BRH:0
end_of_record
